#
# A fatal error has been detected by the Java Runtime Environment:
#
#  EXCEPTION_ACCESS_VIOLATION (0xc0000005) at pc=0x000000007667ebe6, pid=23500, tid=0x0000000000005fdc
#
# JRE version: Java(TM) SE Runtime Environment (8.0_151-b12) (build 1.8.0_151-b12)
# Java VM: Java HotSpot(TM) 64-Bit Server VM (25.151-b12 mixed mode windows-amd64 compressed oops)
# Problematic frame:
# V  [jvm.dll+0x13ebe6]
#
# Failed to write core dump. Minidumps are not enabled by default on client versions of Windows
#
# If you would like to submit a bug report, please visit:
#   http://bugreport.java.com/bugreport/crash.jsp
#

---------------  T H R E A D  ---------------

Current thread (0x000000001ed28000):  JavaThread "JDWP Event Helper Thread" daemon [_thread_in_vm, id=24540, stack(0x000000001f480000,0x000000001f580000)]

siginfo: ExceptionCode=0xc0000005, reading address 0x00000003811633b0

Registers:
RAX=0x0000000000000030, RBX=0x000000001ed28000, RCX=0x0000000000000030, RDX=0x00000007c00016d0
RSP=0x000000001f57f220, RBP=0x0000000003377b20, RSI=0x0000000003377be8, RDI=0x0000000003377b00
R8 =0x0000000381163380, R9 =0x0000000003377be8, R10=0x0000000000000000, R11=0x000000001f57f0a0
R12=0x00000000765272c8, R13=0x00000000765272ac, R14=0x000000007652a390, R15=0x00000000000001b9
RIP=0x000000007667ebe6, EFLAGS=0x0000000000010202

Top of Stack: (sp=0x000000001f57f220)
0x000000001f57f220:   0000000000000008 0000000003377be0
0x000000001f57f230:   0000000000000000 00000000766ffc44
0x000000001f57f240:   0000000003377be8 0000000076523cea
0x000000001f57f250:   000000001ed281f8 000000007652c41c
0x000000001f57f260:   0000000003377be0 000000007650aa5d
0x000000001f57f270:   0000000000000000 000000001ed281f8
0x000000001f57f280:   000000001ed281f8 0000000076519706
0x000000001f57f290:   000000001f57f360 000000001f57f2e0
0x000000001f57f2a0:   000000001ed26d4c 0000000003377be0
0x000000001f57f2b0:   000000001ed26cd0 0000000003377be0
0x000000001f57f2c0:   00000000000001b9 0000000076519144
0x000000001f57f2d0:   0000000000000000 0000000003377be0
0x000000001f57f2e0:   000000001ed281f8 000000000000004c
0x000000001f57f2f0:   000000007652ae00 000000007651890e
0x000000001f57f300:   0000000003377be8 000000001ed26d48
0x000000001f57f310:   0000000000000000 0000000003377be8 

Instructions: (pc=0x000000007667ebe6)
0x000000007667ebc6:   16 45 8b 40 08 8b 0d d7 2b 66 00 49 d3 e0 4c 03
0x000000007667ebd6:   05 c5 2b 66 00 eb 04 4d 8b 40 08 8b 48 0c 8b c1
0x000000007667ebe6:   4a 39 14 01 75 04 b0 01 eb 11 83 f9 18 74 04 32
0x000000007667ebf6:   c0 eb 08 49 8b c8 e8 9f 66 fe ff 84 c0 40 0f 95 


Register to memory mapping:

RAX=0x0000000000000030 is an unknown value
RBX=0x000000001ed28000 is a thread
RCX=0x0000000000000030 is an unknown value
RDX=0x00000007c00016d0 is pointing into metadata
RSP=0x000000001f57f220 is pointing into the stack for thread: 0x000000001ed28000
RBP=0x0000000003377b20 is a global jni handle
RSI=0x0000000003377be8 is a global jni handle
RDI=0x0000000003377b00 is a global jni handle
R8 =0x0000000381163380 is an unknown value
R9 =0x0000000003377be8 is a global jni handle
R10=0x0000000000000000 is an unknown value
R11=0x000000001f57f0a0 is pointing into the stack for thread: 0x000000001ed28000
R12=0x00000000765272c8 is an unknown value
R13=0x00000000765272ac is an unknown value
R14=0x000000007652a390 is an unknown value
R15=0x00000000000001b9 is an unknown value


Stack: [0x000000001f480000,0x000000001f580000],  sp=0x000000001f57f220,  free space=1020k
Native frames: (J=compiled Java code, j=interpreted, Vv=VM code, C=native code)
V  [jvm.dll+0x13ebe6]
C  [jdwp.dll+0x23cea]
C  [jdwp.dll+0x19706]
C  [jdwp.dll+0x1890e]
C  [jdwp.dll+0x167e4]
V  [jvm.dll+0x1bd118]
V  [jvm.dll+0x244adf]
V  [jvm.dll+0x29c3ea]
C  [msvcr100.dll+0x21d9f]
C  [msvcr100.dll+0x21e3b]
C  [KERNEL32.DLL+0x17bd4]
C  [ntdll.dll+0x6ce51]


---------------  P R O C E S S  ---------------

Java Threads: ( => current thread )
  0x000000001f8a4000 JavaThread "Service Thread" daemon [_thread_blocked, id=13476, stack(0x0000000020280000,0x0000000020380000)]
  0x000000001f07a000 JavaThread "C1 CompilerThread3" daemon [_thread_blocked, id=1488, stack(0x0000000020180000,0x0000000020280000)]
  0x000000001f890800 JavaThread "C2 CompilerThread2" daemon [_thread_blocked, id=12768, stack(0x0000000020080000,0x0000000020180000)]
  0x000000001f02a000 JavaThread "C2 CompilerThread1" daemon [_thread_blocked, id=27124, stack(0x000000001f780000,0x000000001f880000)]
  0x000000001f026800 JavaThread "C2 CompilerThread0" daemon [_thread_blocked, id=17400, stack(0x000000001f680000,0x000000001f780000)]
  0x000000001ed2d800 JavaThread "JDWP Command Reader" daemon [_thread_in_native, id=11736, stack(0x000000001f580000,0x000000001f680000)]
=>0x000000001ed28000 JavaThread "JDWP Event Helper Thread" daemon [_thread_in_vm, id=24540, stack(0x000000001f480000,0x000000001f580000)]
  0x000000001ed1d800 JavaThread "JDWP Transport Listener: dt_socket" daemon [_thread_blocked, id=10400, stack(0x000000001f380000,0x000000001f480000)]
  0x000000001ed13000 JavaThread "Attach Listener" daemon [_thread_blocked, id=17956, stack(0x000000001f280000,0x000000001f380000)]
  0x000000001ed11000 JavaThread "Signal Dispatcher" daemon [_thread_blocked, id=14888, stack(0x000000001f180000,0x000000001f280000)]
  0x000000000339e800 JavaThread "Finalizer" daemon [_thread_blocked, id=16616, stack(0x000000001f080000,0x000000001f180000)]
  0x000000000339c000 JavaThread "Reference Handler" daemon [_thread_blocked, id=3340, stack(0x000000001eb80000,0x000000001ec80000)]
  0x00000000032a6800 JavaThread "main" [_thread_blocked, id=29920, stack(0x0000000003030000,0x0000000003130000)]

Other Threads:
  0x000000001cdb9800 VMThread [stack: 0x000000001ea80000,0x000000001eb80000] [id=27036]
  0x000000001f8a8000 WatcherThread [stack: 0x0000000020380000,0x0000000020480000] [id=16976]

VM state:not at safepoint (normal execution)

VM Mutex/Monitor currently owned by a thread: None

Heap:
 PSYoungGen      total 76288K, used 7872K [0x000000076b400000, 0x0000000770900000, 0x00000007c0000000)
  eden space 65536K, 12% used [0x000000076b400000,0x000000076bbb0008,0x000000076f400000)
  from space 10752K, 0% used [0x000000076fe80000,0x000000076fe80000,0x0000000770900000)
  to   space 10752K, 0% used [0x000000076f400000,0x000000076f400000,0x000000076fe80000)
 ParOldGen       total 175104K, used 0K [0x00000006c1c00000, 0x00000006cc700000, 0x000000076b400000)
  object space 175104K, 0% used [0x00000006c1c00000,0x00000006c1c00000,0x00000006cc700000)
 Metaspace       used 3357K, capacity 4592K, committed 4864K, reserved 1056768K
  class space    used 358K, capacity 424K, committed 512K, reserved 1048576K

Card table byte_map: [0x0000000012760000,0x0000000012f60000] byte_map_base: 0x000000000f152000

Marking Bits: (ParMarkBitMap*) 0x0000000076d5d850
 Begin Bits: [0x0000000013cb0000, 0x0000000017c40000)
 End Bits:   [0x0000000017c40000, 0x000000001bbd0000)

Polling page: 0x0000000000e90000

CodeCache: size=245760Kb used=1158Kb max_used=1169Kb free=244601Kb
 bounds [0x00000000033a0000, 0x0000000003610000, 0x00000000123a0000]
 total_blobs=294 nmethods=53 adapters=162
 compilation: enabled

Compilation events (10 events):
Event: 1.329 Thread 0x000000001f026800   43       4       java.lang.AbstractStringBuilder::ensureCapacityInternal (27 bytes)
Event: 1.329 Thread 0x000000001f02a000 nmethod 50 0x00000000034ba510 code [0x00000000034ba660, 0x00000000034ba9d8]
Event: 1.329 Thread 0x000000001f02a000   49       4       java.io.WinNTFileSystem::isSlash (18 bytes)
Event: 1.330 Thread 0x000000001f02a000 nmethod 49 0x00000000034b7650 code [0x00000000034b7780, 0x00000000034b77f8]
Event: 1.331 Thread 0x000000001f026800 nmethod 43 0x00000000034c3f90 code [0x00000000034c40e0, 0x00000000034c43b8]
Event: 1.336 Thread 0x000000001f890800 nmethod 47 0x00000000034c5690 code [0x00000000034c57e0, 0x00000000034c5d58]
Event: 1.365 Thread 0x000000001f07a000   52       3       java.io.WinNTFileSystem::isLetter (30 bytes)
Event: 1.365 Thread 0x000000001f07a000 nmethod 52 0x00000000034c5250 code [0x00000000034c53c0, 0x00000000034c5610]
Event: 1.367 Thread 0x000000001f02a000   53       4       sun.nio.cs.ext.DoubleByte$Encoder::encodeChar (21 bytes)
Event: 1.368 Thread 0x000000001f02a000 nmethod 53 0x00000000034c2610 code [0x00000000034c2760, 0x00000000034c28d8]

GC Heap History (0 events):
No events

Deoptimization events (0 events):
No events

Internal exceptions (10 events):
Event: 1.109 Thread 0x00000000032a6800 Exception <a 'java/security/PrivilegedActionException'> (0x000000076b80c3f0) thrown at [C:\re\workspace\8-2-build-windows-amd64-cygwin\jdk8u151\9699\hotspot\src\share\vm\prims\jvm.cpp, line 1390]
Event: 1.109 Thread 0x00000000032a6800 Exception <a 'java/security/PrivilegedActionException'> (0x000000076b80c600) thrown at [C:\re\workspace\8-2-build-windows-amd64-cygwin\jdk8u151\9699\hotspot\src\share\vm\prims\jvm.cpp, line 1390]
Event: 1.109 Thread 0x00000000032a6800 Exception <a 'java/security/PrivilegedActionException'> (0x000000076b80da30) thrown at [C:\re\workspace\8-2-build-windows-amd64-cygwin\jdk8u151\9699\hotspot\src\share\vm\prims\jvm.cpp, line 1390]
Event: 1.109 Thread 0x00000000032a6800 Exception <a 'java/security/PrivilegedActionException'> (0x000000076b80dc40) thrown at [C:\re\workspace\8-2-build-windows-amd64-cygwin\jdk8u151\9699\hotspot\src\share\vm\prims\jvm.cpp, line 1390]
Event: 1.110 Thread 0x00000000032a6800 Exception <a 'java/security/PrivilegedActionException'> (0x000000076b80f0d0) thrown at [C:\re\workspace\8-2-build-windows-amd64-cygwin\jdk8u151\9699\hotspot\src\share\vm\prims\jvm.cpp, line 1390]
Event: 1.110 Thread 0x00000000032a6800 Exception <a 'java/security/PrivilegedActionException'> (0x000000076b80f2e0) thrown at [C:\re\workspace\8-2-build-windows-amd64-cygwin\jdk8u151\9699\hotspot\src\share\vm\prims\jvm.cpp, line 1390]
Event: 1.111 Thread 0x00000000032a6800 Exception <a 'java/security/PrivilegedActionException'> (0x000000076b810680) thrown at [C:\re\workspace\8-2-build-windows-amd64-cygwin\jdk8u151\9699\hotspot\src\share\vm\prims\jvm.cpp, line 1390]
Event: 1.111 Thread 0x00000000032a6800 Exception <a 'java/security/PrivilegedActionException'> (0x000000076b810890) thrown at [C:\re\workspace\8-2-build-windows-amd64-cygwin\jdk8u151\9699\hotspot\src\share\vm\prims\jvm.cpp, line 1390]
Event: 1.111 Thread 0x00000000032a6800 Exception <a 'java/security/PrivilegedActionException'> (0x000000076b811bb0) thrown at [C:\re\workspace\8-2-build-windows-amd64-cygwin\jdk8u151\9699\hotspot\src\share\vm\prims\jvm.cpp, line 1390]
Event: 1.111 Thread 0x00000000032a6800 Exception <a 'java/security/PrivilegedActionException'> (0x000000076b811dc0) thrown at [C:\re\workspace\8-2-build-windows-amd64-cygwin\jdk8u151\9699\hotspot\src\share\vm\prims\jvm.cpp, line 1390]

Events (10 events):
Event: 1.365 loading class java/lang/ClassLoaderHelper
Event: 1.365 loading class java/lang/ClassLoaderHelper done
Event: 1.368 Executing VM operation: ForceSafepoint
Event: 1.368 Executing VM operation: ForceSafepoint done
Event: 1.598 Executing VM operation: GetOrSetLocal
Event: 1.598 Executing VM operation: GetOrSetLocal done
Event: 1.598 Executing VM operation: GetOrSetLocal
Event: 1.598 Executing VM operation: GetOrSetLocal done
Event: 5.383 Executing VM operation: EnableBiasedLocking
Event: 5.383 Executing VM operation: EnableBiasedLocking done


Dynamic libraries:
0x00007ff7b0db0000 - 0x00007ff7b0de7000 	C:\software\Java\jdk1.8.0_151\bin\java.exe
0x00007fff2a060000 - 0x00007fff2a250000 	C:\WINDOWS\SYSTEM32\ntdll.dll
0x00007fff29b30000 - 0x00007fff29be2000 	C:\WINDOWS\System32\KERNEL32.DLL
0x00007fff27990000 - 0x00007fff27c34000 	C:\WINDOWS\System32\KERNELBASE.dll
0x00007fff29f70000 - 0x00007fff2a013000 	C:\WINDOWS\System32\ADVAPI32.dll
0x00007fff29cd0000 - 0x00007fff29d6e000 	C:\WINDOWS\System32\msvcrt.dll
0x00007fff29e50000 - 0x00007fff29ee7000 	C:\WINDOWS\System32\sechost.dll
0x00007fff28c90000 - 0x00007fff28db0000 	C:\WINDOWS\System32\RPCRT4.dll
0x00007fff28db0000 - 0x00007fff28f44000 	C:\WINDOWS\System32\USER32.dll
0x00007fff280e0000 - 0x00007fff28101000 	C:\WINDOWS\System32\win32u.dll
0x00007fff28f50000 - 0x00007fff28f76000 	C:\WINDOWS\System32\GDI32.dll
0x00007fff27f40000 - 0x00007fff280d5000 	C:\WINDOWS\System32\gdi32full.dll
0x00007fff27770000 - 0x00007fff2780e000 	C:\WINDOWS\System32\msvcp_win.dll
0x00007fff27810000 - 0x00007fff2790a000 	C:\WINDOWS\System32\ucrtbase.dll
0x00007fff19400000 - 0x00007fff19684000 	C:\WINDOWS\WinSxS\amd64_microsoft.windows.common-controls_6595b64144ccf1df_6.0.18362.900_none_e6beb9d913147d17\COMCTL32.dll
0x00007fff282f0000 - 0x00007fff28625000 	C:\WINDOWS\System32\combase.dll
0x00007fff27c40000 - 0x00007fff27cc0000 	C:\WINDOWS\System32\bcryptPrimitives.dll
0x00007fff29b00000 - 0x00007fff29b2e000 	C:\WINDOWS\System32\IMM32.DLL
0x0000000076de0000 - 0x0000000076eb2000 	C:\software\Java\jdk1.8.0_151\jre\bin\msvcr100.dll
0x0000000076540000 - 0x0000000076ddd000 	C:\software\Java\jdk1.8.0_151\jre\bin\server\jvm.dll
0x00007fff29cc0000 - 0x00007fff29cc8000 	C:\WINDOWS\System32\PSAPI.DLL
0x00007fff17bf0000 - 0x00007fff17bf9000 	C:\WINDOWS\SYSTEM32\WSOCK32.dll
0x00007fff29bf0000 - 0x00007fff29c5f000 	C:\WINDOWS\System32\WS2_32.dll
0x00007fff24820000 - 0x00007fff24844000 	C:\WINDOWS\SYSTEM32\WINMM.dll
0x00007fff26b20000 - 0x00007fff26b2a000 	C:\WINDOWS\SYSTEM32\VERSION.dll
0x00007fff247f0000 - 0x00007fff2481d000 	C:\WINDOWS\SYSTEM32\winmmbase.dll
0x00007fff27ef0000 - 0x00007fff27f3a000 	C:\WINDOWS\System32\cfgmgr32.dll
0x00000000775b0000 - 0x00000000775bf000 	C:\software\Java\jdk1.8.0_151\jre\bin\verify.dll
0x0000000077580000 - 0x00000000775a9000 	C:\software\Java\jdk1.8.0_151\jre\bin\java.dll
0x0000000076500000 - 0x0000000076535000 	C:\software\Java\jdk1.8.0_151\jre\bin\jdwp.dll
0x0000000077700000 - 0x0000000077708000 	C:\software\Java\jdk1.8.0_151\jre\bin\npt.dll
0x00000000764d0000 - 0x00000000764f3000 	C:\software\Java\jdk1.8.0_151\jre\bin\instrument.dll
0x0000000077560000 - 0x0000000077576000 	C:\software\Java\jdk1.8.0_151\jre\bin\zip.dll
0x00007fff29410000 - 0x00007fff29af6000 	C:\WINDOWS\System32\SHELL32.dll
0x00007fff29300000 - 0x00007fff293a9000 	C:\WINDOWS\System32\shcore.dll
0x00007fff26ff0000 - 0x00007fff27770000 	C:\WINDOWS\System32\windows.storage.dll
0x00007fff26fc0000 - 0x00007fff26fe3000 	C:\WINDOWS\System32\profapi.dll
0x00007fff26f70000 - 0x00007fff26fba000 	C:\WINDOWS\System32\powrprof.dll
0x00007fff26f20000 - 0x00007fff26f30000 	C:\WINDOWS\System32\UMPDC.dll
0x00007fff29c60000 - 0x00007fff29cb2000 	C:\WINDOWS\System32\shlwapi.dll
0x00007fff26f30000 - 0x00007fff26f41000 	C:\WINDOWS\System32\kernel.appcore.dll
0x00007fff27910000 - 0x00007fff27927000 	C:\WINDOWS\System32\cryptsp.dll
0x00000000776f0000 - 0x00000000776f9000 	C:\software\Java\jdk1.8.0_151\jre\bin\dt_socket.dll
0x00007fff26720000 - 0x00007fff26787000 	C:\WINDOWS\system32\mswsock.dll
0x00000000701c0000 - 0x00000000702ee000 	C:\Windows\System32\libMyJNIDemo.dll
0x00007fff06790000 - 0x00007fff06984000 	C:\WINDOWS\SYSTEM32\dbghelp.dll

VM Arguments:
jvm_args: -agentlib:jdwp=transport=dt_socket,address=127.0.0.1:60532,suspend=y,server=n -javaagent:C:\Users\Jiangli\.IntelliJIdea2019.2\system\groovyHotSwap\gragent.jar -javaagent:C:\Users\Jiangli\.IntelliJIdea2019.2\system\captureAgent\debugger-agent.jar -Dfile.encoding=UTF-8 
java_command: com.jiangli.jni.myjni.MyJNIDemo
java_class_path (initial): C:\software\Java\jdk1.8.0_151\jre\lib\charsets.jar;C:\software\Java\jdk1.8.0_151\jre\lib\deploy.jar;C:\software\Java\jdk1.8.0_151\jre\lib\ext\access-bridge-64.jar;C:\software\Java\jdk1.8.0_151\jre\lib\ext\cldrdata.jar;C:\software\Java\jdk1.8.0_151\jre\lib\ext\dnsns.jar;C:\software\Java\jdk1.8.0_151\jre\lib\ext\jaccess.jar;C:\software\Java\jdk1.8.0_151\jre\lib\ext\jfxrt.jar;C:\software\Java\jdk1.8.0_151\jre\lib\ext\localedata.jar;C:\software\Java\jdk1.8.0_151\jre\lib\ext\nashorn.jar;C:\software\Java\jdk1.8.0_151\jre\lib\ext\sunec.jar;C:\software\Java\jdk1.8.0_151\jre\lib\ext\sunjce_provider.jar;C:\software\Java\jdk1.8.0_151\jre\lib\ext\sunmscapi.jar;C:\software\Java\jdk1.8.0_151\jre\lib\ext\sunpkcs11.jar;C:\software\Java\jdk1.8.0_151\jre\lib\ext\zipfs.jar;C:\software\Java\jdk1.8.0_151\jre\lib\javaws.jar;C:\software\Java\jdk1.8.0_151\jre\lib\jce.jar;C:\software\Java\jdk1.8.0_151\jre\lib\jfr.jar;C:\software\Java\jdk1.8.0_151\jre\lib\jfxswt.jar;C:\software\Java\jdk1.8.0_151\jre\lib\jsse.jar;C:\software\Java\jdk1.8.0_151\jre\lib\management-agent.jar;C:\software\Java\jdk1.8.0_151\jre\lib\plugin.jar;C:\software\Java\jdk1.8.0_151\jre\lib\resources.jar;C:\software\Java\jdk1.8.0_151\jre\lib\rt.jar;C:\myprojects\algorithem\JNI\target\classes;C:\myprojects\algorithem\Common\target\classes;C:\Portable\zhihuishu\m2repos\org\slf4j\slf4j-log4j12\1.7.25\slf4j-log4j12-1.7.25.jar;C:\Portable\zhihuishu\m2repos\org\slf4j\slf4j-api\1.7.25\slf4j-api-1.7.25.jar;C:\Portable\zhihuishu\m2repos\com\google\code\gson\gson\2.5\gson-2.5.jar;C:\Portable\zhihuishu\m2repos\log4j\log4j\1.2.16\log4j-1.2.16.jar;C:\Portable\zhihuishu\m2repos\commons-logging\commons-logging\1.1.1\commons-logging-1.1.1-javadoc.jar;C:\Portable\zhihuishu\m2repos\net\sf\json-lib\json-lib\2.3\json-lib-2.3-jdk15.jar;C:\Portable\zhihuishu\m2repos\commons-collections\commons-collections\3.1\commons-collections-3.1.jar;C:\Portable\zhihuishu\m2repos\commons-lang\commons-lang\2.5\commons-lang-2.5.jar;C:\
Launcher Type: SUN_STANDARD

Environment Variables:
JAVA_HOME=C:\software\Java\jdk1.8.0_151
USERNAME=Jiangli
OS=Windows_NT
PROCESSOR_IDENTIFIER=Intel64 Family 6 Model 142 Stepping 10, GenuineIntel



---------------  S Y S T E M  ---------------

OS: Windows 10.0 , 64 bit Build 18362 (10.0.18362.900)

CPU:total 8 (initial active 8) (4 cores per cpu, 2 threads per core) family 6 model 142 stepping 10, cmov, cx8, fxsr, mmx, sse, sse2, sse3, ssse3, sse4.1, sse4.2, popcnt, avx, avx2, aes, clmul, erms, 3dnowpref, lzcnt, ht, tsc, tscinvbit, bmi1, bmi2, adx

Memory: 4k page, physical 16658532k(5704424k free), swap 31338596k(12085752k free)

vm_info: Java HotSpot(TM) 64-Bit Server VM (25.151-b12) for windows-amd64 JRE (1.8.0_151-b12), built on Sep  5 2017 19:33:46 by "java_re" with MS VC++ 10.0 (VS2010)

time: Thu Jul 23 10:47:43 2020
elapsed time: 6 seconds (0d 0h 0m 6s)

