[INFO  - 2017-09-22T01:46:06.651Z] GhostDriver - Main - running on port 20181
[INFO  - 2017-09-22T01:46:07.325Z] Session [cd39e2b0-9f37-11e7-a54b-8b01a2c76d86] - page.settings - {"XSSAuditingEnabled":false,"javascriptCanCloseWindows":true,"javascriptCanOpenWindows":true,"javascriptEnabled":true,"loadImages":true,"localToRemoteUrlAccessEnabled":false,"userAgent":"Mozilla/5.0 (Windows NT 6.1; WOW64) AppleWebKit/534.34 (KHTML, like Gecko) PhantomJS/1.9.7 Safari/534.34","webSecurityEnabled":false}
[INFO  - 2017-09-22T01:46:07.326Z] Session [cd39e2b0-9f37-11e7-a54b-8b01a2c76d86] - page.customHeaders:  - {}
[INFO  - 2017-09-22T01:46:07.326Z] Session [cd39e2b0-9f37-11e7-a54b-8b01a2c76d86] - Session.negotiatedCapabilities - {"browserName":"phantomjs","version":"1.9.7","driverName":"ghostdriver","driverVersion":"1.1.0","platform":"windows-7-32bit","javascriptEnabled":true,"takesScreenshot":false,"handlesAlerts":false,"databaseEnabled":false,"locationContextEnabled":false,"applicationCacheEnabled":false,"browserConnectionEnabled":false,"cssSelectorsEnabled":true,"webStorageEnabled":false,"rotatable":false,"acceptSslCerts":false,"nativeEvents":true,"proxy":{"proxyType":"direct"}}
[INFO  - 2017-09-22T01:46:07.326Z] SessionManagerReqHand - _postNewSessionCommand - New Session Created: cd39e2b0-9f37-11e7-a54b-8b01a2c76d86
[ERROR - 2017-09-22T01:46:09.823Z] Session [cd39e2b0-9f37-11e7-a54b-8b01a2c76d86] - page.onError - msg: TypeError: 'undefined' is not a function (evaluating 'this._end.bind(this)')
[ERROR - 2017-09-22T01:46:09.823Z] Session [cd39e2b0-9f37-11e7-a54b-8b01a2c76d86] - page.onError - stack:
  (anonymous function) (https://a1.alicdn.com/creation/html/2016/06/20/creation-245057E3sJ6U0UZ8D-2830683.html#tanxdspv=http%3a%2f%2frdstat.tanx.com%2ftrd%3ff%3d%26k%3da09e279ad7f7a12a%26p%3dmm_17105446_9338166_79918020%26pvid%3d0a6721a8000259c46b42d4d400805176%26s%3d300x250%26d%3d0%26t%3d1506044738&pid=mm_17105446_9338166_79918020&tp=5&tsid=0a6721a8000259c46b42d4d400805176&pid=mm_17105446_9338166_79918020:40)
  (anonymous function) (https://a1.alicdn.com/creation/html/2016/06/20/creation-245057E3sJ6U0UZ8D-2830683.html#tanxdspv=http%3a%2f%2frdstat.tanx.com%2ftrd%3ff%3d%26k%3da09e279ad7f7a12a%26p%3dmm_17105446_9338166_79918020%26pvid%3d0a6721a8000259c46b42d4d400805176%26s%3d300x250%26d%3d0%26t%3d1506044738&pid=mm_17105446_9338166_79918020&tp=5&tsid=0a6721a8000259c46b42d4d400805176&pid=mm_17105446_9338166_79918020:72)
  (anonymous function) (https://a1.alicdn.com/creation/html/2016/06/20/creation-245057E3sJ6U0UZ8D-2830683.html#tanxdspv=http%3a%2f%2frdstat.tanx.com%2ftrd%3ff%3d%26k%3da09e279ad7f7a12a%26p%3dmm_17105446_9338166_79918020%26pvid%3d0a6721a8000259c46b42d4d400805176%26s%3d300x250%26d%3d0%26t%3d1506044738&pid=mm_17105446_9338166_79918020&tp=5&tsid=0a6721a8000259c46b42d4d400805176&pid=mm_17105446_9338166_79918020:26)
  (anonymous function) (https://a1.alicdn.com/creation/html/2016/06/20/creation-245057E3sJ6U0UZ8D-2830683.html#tanxdspv=http%3a%2f%2frdstat.tanx.com%2ftrd%3ff%3d%26k%3da09e279ad7f7a12a%26p%3dmm_17105446_9338166_79918020%26pvid%3d0a6721a8000259c46b42d4d400805176%26s%3d300x250%26d%3d0%26t%3d1506044738&pid=mm_17105446_9338166_79918020&tp=5&tsid=0a6721a8000259c46b42d4d400805176&pid=mm_17105446_9338166_79918020:26)
  (anonymous function) (https://a1.alicdn.com/creation/html/2016/06/20/creation-245057E3sJ6U0UZ8D-2830683.html#tanxdspv=http%3a%2f%2frdstat.tanx.com%2ftrd%3ff%3d%26k%3da09e279ad7f7a12a%26p%3dmm_17105446_9338166_79918020%26pvid%3d0a6721a8000259c46b42d4d400805176%26s%3d300x250%26d%3d0%26t%3d1506044738&pid=mm_17105446_9338166_79918020&tp=5&tsid=0a6721a8000259c46b42d4d400805176&pid=mm_17105446_9338166_79918020:26)
  (anonymous function) (https://a1.alicdn.com/creation/html/2016/06/20/creation-245057E3sJ6U0UZ8D-2830683.html#tanxdspv=http%3a%2f%2frdstat.tanx.com%2ftrd%3ff%3d%26k%3da09e279ad7f7a12a%26p%3dmm_17105446_9338166_79918020%26pvid%3d0a6721a8000259c46b42d4d400805176%26s%3d300x250%26d%3d0%26t%3d1506044738&pid=mm_17105446_9338166_79918020&tp=5&tsid=0a6721a8000259c46b42d4d400805176&pid=mm_17105446_9338166_79918020:26)
  (anonymous function) (https://a1.alicdn.com/creation/html/2016/06/20/creation-245057E3sJ6U0UZ8D-2830683.html#tanxdspv=http%3a%2f%2frdstat.tanx.com%2ftrd%3ff%3d%26k%3da09e279ad7f7a12a%26p%3dmm_17105446_9338166_79918020%26pvid%3d0a6721a8000259c46b42d4d400805176%26s%3d300x250%26d%3d0%26t%3d1506044738&pid=mm_17105446_9338166_79918020&tp=5&tsid=0a6721a8000259c46b42d4d400805176&pid=mm_17105446_9338166_79918020:26)
  (anonymous function) (https://a1.alicdn.com/creation/html/2016/06/20/creation-245057E3sJ6U0UZ8D-2830683.html#tanxdspv=http%3a%2f%2frdstat.tanx.com%2ftrd%3ff%3d%26k%3da09e279ad7f7a12a%26p%3dmm_17105446_9338166_79918020%26pvid%3d0a6721a8000259c46b42d4d400805176%26s%3d300x250%26d%3d0%26t%3d1506044738&pid=mm_17105446_9338166_79918020&tp=5&tsid=0a6721a8000259c46b42d4d400805176&pid=mm_17105446_9338166_79918020:26)
  (anonymous function) (https://a1.alicdn.com/creation/html/2016/06/20/creation-245057E3sJ6U0UZ8D-2830683.html#tanxdspv=http%3a%2f%2frdstat.tanx.com%2ftrd%3ff%3d%26k%3da09e279ad7f7a12a%26p%3dmm_17105446_9338166_79918020%26pvid%3d0a6721a8000259c46b42d4d400805176%26s%3d300x250%26d%3d0%26t%3d1506044738&pid=mm_17105446_9338166_79918020&tp=5&tsid=0a6721a8000259c46b42d4d400805176&pid=mm_17105446_9338166_79918020:26)
  (anonymous function) (https://a1.alicdn.com/creation/html/2016/06/20/creation-245057E3sJ6U0UZ8D-2830683.html#tanxdspv=http%3a%2f%2frdstat.tanx.com%2ftrd%3ff%3d%26k%3da09e279ad7f7a12a%26p%3dmm_17105446_9338166_79918020%26pvid%3d0a6721a8000259c46b42d4d400805176%26s%3d300x250%26d%3d0%26t%3d1506044738&pid=mm_17105446_9338166_79918020&tp=5&tsid=0a6721a8000259c46b42d4d400805176&pid=mm_17105446_9338166_79918020:26)
[ERROR - 2017-09-22T01:46:10.550Z] Session [cd39e2b0-9f37-11e7-a54b-8b01a2c76d86] - page.onError - msg: SyntaxError: Parse error
[ERROR - 2017-09-22T01:46:10.550Z] Session [cd39e2b0-9f37-11e7-a54b-8b01a2c76d86] - page.onError - stack:

[ERROR - 2017-09-22T01:46:10.748Z] Session [cd39e2b0-9f37-11e7-a54b-8b01a2c76d86] - page.onError - msg: TypeError: 'undefined' is not a function (evaluating 'this._end.bind(this)')
[ERROR - 2017-09-22T01:46:10.748Z] Session [cd39e2b0-9f37-11e7-a54b-8b01a2c76d86] - page.onError - stack:
  (anonymous function) (https://a1.alicdn.com/creation/html/2016/06/20/creation-245057E3sJ6U0UZ8D-2830683.html#tanxdspv=https%3a%2f%2frdstat.tanx.com%2ftrd%3ff%3d%26k%3da09e279ad7f7a12a%26p%3dmm_17105446_9338166_31406112%26pvid%3d0a674362000059c46b441ac8008515cf%26s%3d300x250%26d%3d0%26t%3d1506044740&pid=mm_17105446_9338166_31406112&tp=5&tsid=0a674362000059c46b441ac8008515cf&pid=mm_17105446_9338166_31406112:40)
  (anonymous function) (https://a1.alicdn.com/creation/html/2016/06/20/creation-245057E3sJ6U0UZ8D-2830683.html#tanxdspv=https%3a%2f%2frdstat.tanx.com%2ftrd%3ff%3d%26k%3da09e279ad7f7a12a%26p%3dmm_17105446_9338166_31406112%26pvid%3d0a674362000059c46b441ac8008515cf%26s%3d300x250%26d%3d0%26t%3d1506044740&pid=mm_17105446_9338166_31406112&tp=5&tsid=0a674362000059c46b441ac8008515cf&pid=mm_17105446_9338166_31406112:72)
  (anonymous function) (https://a1.alicdn.com/creation/html/2016/06/20/creation-245057E3sJ6U0UZ8D-2830683.html#tanxdspv=https%3a%2f%2frdstat.tanx.com%2ftrd%3ff%3d%26k%3da09e279ad7f7a12a%26p%3dmm_17105446_9338166_31406112%26pvid%3d0a674362000059c46b441ac8008515cf%26s%3d300x250%26d%3d0%26t%3d1506044740&pid=mm_17105446_9338166_31406112&tp=5&tsid=0a674362000059c46b441ac8008515cf&pid=mm_17105446_9338166_31406112:26)
  (anonymous function) (https://a1.alicdn.com/creation/html/2016/06/20/creation-245057E3sJ6U0UZ8D-2830683.html#tanxdspv=https%3a%2f%2frdstat.tanx.com%2ftrd%3ff%3d%26k%3da09e279ad7f7a12a%26p%3dmm_17105446_9338166_31406112%26pvid%3d0a674362000059c46b441ac8008515cf%26s%3d300x250%26d%3d0%26t%3d1506044740&pid=mm_17105446_9338166_31406112&tp=5&tsid=0a674362000059c46b441ac8008515cf&pid=mm_17105446_9338166_31406112:26)
  (anonymous function) (https://a1.alicdn.com/creation/html/2016/06/20/creation-245057E3sJ6U0UZ8D-2830683.html#tanxdspv=https%3a%2f%2frdstat.tanx.com%2ftrd%3ff%3d%26k%3da09e279ad7f7a12a%26p%3dmm_17105446_9338166_31406112%26pvid%3d0a674362000059c46b441ac8008515cf%26s%3d300x250%26d%3d0%26t%3d1506044740&pid=mm_17105446_9338166_31406112&tp=5&tsid=0a674362000059c46b441ac8008515cf&pid=mm_17105446_9338166_31406112:26)
  (anonymous function) (https://a1.alicdn.com/creation/html/2016/06/20/creation-245057E3sJ6U0UZ8D-2830683.html#tanxdspv=https%3a%2f%2frdstat.tanx.com%2ftrd%3ff%3d%26k%3da09e279ad7f7a12a%26p%3dmm_17105446_9338166_31406112%26pvid%3d0a674362000059c46b441ac8008515cf%26s%3d300x250%26d%3d0%26t%3d1506044740&pid=mm_17105446_9338166_31406112&tp=5&tsid=0a674362000059c46b441ac8008515cf&pid=mm_17105446_9338166_31406112:26)
  (anonymous function) (https://a1.alicdn.com/creation/html/2016/06/20/creation-245057E3sJ6U0UZ8D-2830683.html#tanxdspv=https%3a%2f%2frdstat.tanx.com%2ftrd%3ff%3d%26k%3da09e279ad7f7a12a%26p%3dmm_17105446_9338166_31406112%26pvid%3d0a674362000059c46b441ac8008515cf%26s%3d300x250%26d%3d0%26t%3d1506044740&pid=mm_17105446_9338166_31406112&tp=5&tsid=0a674362000059c46b441ac8008515cf&pid=mm_17105446_9338166_31406112:26)
  (anonymous function) (https://a1.alicdn.com/creation/html/2016/06/20/creation-245057E3sJ6U0UZ8D-2830683.html#tanxdspv=https%3a%2f%2frdstat.tanx.com%2ftrd%3ff%3d%26k%3da09e279ad7f7a12a%26p%3dmm_17105446_9338166_31406112%26pvid%3d0a674362000059c46b441ac8008515cf%26s%3d300x250%26d%3d0%26t%3d1506044740&pid=mm_17105446_9338166_31406112&tp=5&tsid=0a674362000059c46b441ac8008515cf&pid=mm_17105446_9338166_31406112:26)
  (anonymous function) (https://a1.alicdn.com/creation/html/2016/06/20/creation-245057E3sJ6U0UZ8D-2830683.html#tanxdspv=https%3a%2f%2frdstat.tanx.com%2ftrd%3ff%3d%26k%3da09e279ad7f7a12a%26p%3dmm_17105446_9338166_31406112%26pvid%3d0a674362000059c46b441ac8008515cf%26s%3d300x250%26d%3d0%26t%3d1506044740&pid=mm_17105446_9338166_31406112&tp=5&tsid=0a674362000059c46b441ac8008515cf&pid=mm_17105446_9338166_31406112:26)
  (anonymous function) (https://a1.alicdn.com/creation/html/2016/06/20/creation-245057E3sJ6U0UZ8D-2830683.html#tanxdspv=https%3a%2f%2frdstat.tanx.com%2ftrd%3ff%3d%26k%3da09e279ad7f7a12a%26p%3dmm_17105446_9338166_31406112%26pvid%3d0a674362000059c46b441ac8008515cf%26s%3d300x250%26d%3d0%26t%3d1506044740&pid=mm_17105446_9338166_31406112&tp=5&tsid=0a674362000059c46b441ac8008515cf&pid=mm_17105446_9338166_31406112:26)
[INFO  - 2017-09-22T01:46:15.024Z] ShutdownReqHand - _handle - About to shutdown
[INFO  - 2017-09-22T01:52:30.975Z] GhostDriver - Main - running on port 23800
[INFO  - 2017-09-22T01:52:31.526Z] Session [b23a0020-9f38-11e7-876b-a3c1e7ef423d] - page.settings - {"XSSAuditingEnabled":false,"javascriptCanCloseWindows":true,"javascriptCanOpenWindows":true,"javascriptEnabled":true,"loadImages":true,"localToRemoteUrlAccessEnabled":false,"userAgent":"Mozilla/5.0 (Windows NT 6.1; WOW64) AppleWebKit/534.34 (KHTML, like Gecko) PhantomJS/1.9.7 Safari/534.34","webSecurityEnabled":false}
[INFO  - 2017-09-22T01:52:31.526Z] Session [b23a0020-9f38-11e7-876b-a3c1e7ef423d] - page.customHeaders:  - {}
[INFO  - 2017-09-22T01:52:31.527Z] Session [b23a0020-9f38-11e7-876b-a3c1e7ef423d] - Session.negotiatedCapabilities - {"browserName":"phantomjs","version":"1.9.7","driverName":"ghostdriver","driverVersion":"1.1.0","platform":"windows-7-32bit","javascriptEnabled":true,"takesScreenshot":false,"handlesAlerts":false,"databaseEnabled":false,"locationContextEnabled":false,"applicationCacheEnabled":false,"browserConnectionEnabled":false,"cssSelectorsEnabled":true,"webStorageEnabled":false,"rotatable":false,"acceptSslCerts":false,"nativeEvents":true,"proxy":{"proxyType":"direct"}}
[INFO  - 2017-09-22T01:52:31.527Z] SessionManagerReqHand - _postNewSessionCommand - New Session Created: b23a0020-9f38-11e7-876b-a3c1e7ef423d
[ERROR - 2017-09-22T01:52:36.226Z] Session [b23a0020-9f38-11e7-876b-a3c1e7ef423d] - page.onError - msg: TypeError: 'undefined' is not a function (evaluating 'this._end.bind(this)')
[ERROR - 2017-09-22T01:52:36.226Z] Session [b23a0020-9f38-11e7-876b-a3c1e7ef423d] - page.onError - stack:
  (anonymous function) (https://a1.alicdn.com/creation/html/2016/06/20/creation-245057E3sJ6U0UZ8D-2830683.html#tanxdspv=http%3a%2f%2frdstat.tanx.com%2ftrd%3ff%3d%26k%3da09e279ad7f7a12a%26p%3dmm_17105446_9338166_79918020%26pvid%3d0a673405000059c46cc6184a008629de%26s%3d300x250%26d%3d0%26t%3d1506045126&pid=mm_17105446_9338166_79918020&tp=5&tsid=0a673405000059c46cc6184a008629de&pid=mm_17105446_9338166_79918020:40)
  (anonymous function) (https://a1.alicdn.com/creation/html/2016/06/20/creation-245057E3sJ6U0UZ8D-2830683.html#tanxdspv=http%3a%2f%2frdstat.tanx.com%2ftrd%3ff%3d%26k%3da09e279ad7f7a12a%26p%3dmm_17105446_9338166_79918020%26pvid%3d0a673405000059c46cc6184a008629de%26s%3d300x250%26d%3d0%26t%3d1506045126&pid=mm_17105446_9338166_79918020&tp=5&tsid=0a673405000059c46cc6184a008629de&pid=mm_17105446_9338166_79918020:72)
  (anonymous function) (https://a1.alicdn.com/creation/html/2016/06/20/creation-245057E3sJ6U0UZ8D-2830683.html#tanxdspv=http%3a%2f%2frdstat.tanx.com%2ftrd%3ff%3d%26k%3da09e279ad7f7a12a%26p%3dmm_17105446_9338166_79918020%26pvid%3d0a673405000059c46cc6184a008629de%26s%3d300x250%26d%3d0%26t%3d1506045126&pid=mm_17105446_9338166_79918020&tp=5&tsid=0a673405000059c46cc6184a008629de&pid=mm_17105446_9338166_79918020:26)
  (anonymous function) (https://a1.alicdn.com/creation/html/2016/06/20/creation-245057E3sJ6U0UZ8D-2830683.html#tanxdspv=http%3a%2f%2frdstat.tanx.com%2ftrd%3ff%3d%26k%3da09e279ad7f7a12a%26p%3dmm_17105446_9338166_79918020%26pvid%3d0a673405000059c46cc6184a008629de%26s%3d300x250%26d%3d0%26t%3d1506045126&pid=mm_17105446_9338166_79918020&tp=5&tsid=0a673405000059c46cc6184a008629de&pid=mm_17105446_9338166_79918020:26)
  (anonymous function) (https://a1.alicdn.com/creation/html/2016/06/20/creation-245057E3sJ6U0UZ8D-2830683.html#tanxdspv=http%3a%2f%2frdstat.tanx.com%2ftrd%3ff%3d%26k%3da09e279ad7f7a12a%26p%3dmm_17105446_9338166_79918020%26pvid%3d0a673405000059c46cc6184a008629de%26s%3d300x250%26d%3d0%26t%3d1506045126&pid=mm_17105446_9338166_79918020&tp=5&tsid=0a673405000059c46cc6184a008629de&pid=mm_17105446_9338166_79918020:26)
  (anonymous function) (https://a1.alicdn.com/creation/html/2016/06/20/creation-245057E3sJ6U0UZ8D-2830683.html#tanxdspv=http%3a%2f%2frdstat.tanx.com%2ftrd%3ff%3d%26k%3da09e279ad7f7a12a%26p%3dmm_17105446_9338166_79918020%26pvid%3d0a673405000059c46cc6184a008629de%26s%3d300x250%26d%3d0%26t%3d1506045126&pid=mm_17105446_9338166_79918020&tp=5&tsid=0a673405000059c46cc6184a008629de&pid=mm_17105446_9338166_79918020:26)
  (anonymous function) (https://a1.alicdn.com/creation/html/2016/06/20/creation-245057E3sJ6U0UZ8D-2830683.html#tanxdspv=http%3a%2f%2frdstat.tanx.com%2ftrd%3ff%3d%26k%3da09e279ad7f7a12a%26p%3dmm_17105446_9338166_79918020%26pvid%3d0a673405000059c46cc6184a008629de%26s%3d300x250%26d%3d0%26t%3d1506045126&pid=mm_17105446_9338166_79918020&tp=5&tsid=0a673405000059c46cc6184a008629de&pid=mm_17105446_9338166_79918020:26)
  (anonymous function) (https://a1.alicdn.com/creation/html/2016/06/20/creation-245057E3sJ6U0UZ8D-2830683.html#tanxdspv=http%3a%2f%2frdstat.tanx.com%2ftrd%3ff%3d%26k%3da09e279ad7f7a12a%26p%3dmm_17105446_9338166_79918020%26pvid%3d0a673405000059c46cc6184a008629de%26s%3d300x250%26d%3d0%26t%3d1506045126&pid=mm_17105446_9338166_79918020&tp=5&tsid=0a673405000059c46cc6184a008629de&pid=mm_17105446_9338166_79918020:26)
  (anonymous function) (https://a1.alicdn.com/creation/html/2016/06/20/creation-245057E3sJ6U0UZ8D-2830683.html#tanxdspv=http%3a%2f%2frdstat.tanx.com%2ftrd%3ff%3d%26k%3da09e279ad7f7a12a%26p%3dmm_17105446_9338166_79918020%26pvid%3d0a673405000059c46cc6184a008629de%26s%3d300x250%26d%3d0%26t%3d1506045126&pid=mm_17105446_9338166_79918020&tp=5&tsid=0a673405000059c46cc6184a008629de&pid=mm_17105446_9338166_79918020:26)
  (anonymous function) (https://a1.alicdn.com/creation/html/2016/06/20/creation-245057E3sJ6U0UZ8D-2830683.html#tanxdspv=http%3a%2f%2frdstat.tanx.com%2ftrd%3ff%3d%26k%3da09e279ad7f7a12a%26p%3dmm_17105446_9338166_79918020%26pvid%3d0a673405000059c46cc6184a008629de%26s%3d300x250%26d%3d0%26t%3d1506045126&pid=mm_17105446_9338166_79918020&tp=5&tsid=0a673405000059c46cc6184a008629de&pid=mm_17105446_9338166_79918020:26)
[ERROR - 2017-09-22T01:52:40.845Z] Session [b23a0020-9f38-11e7-876b-a3c1e7ef423d] - page.onError - msg: TypeError: 'undefined' is not a function (evaluating 'this._end.bind(this)')
[ERROR - 2017-09-22T01:52:40.845Z] Session [b23a0020-9f38-11e7-876b-a3c1e7ef423d] - page.onError - stack:
  (anonymous function) (https://a1.alicdn.com/creation/html/2016/06/20/creation-245057E3sJ6U0UZ8D-2830683.html#tanxdspv=https%3a%2f%2frdstat.tanx.com%2ftrd%3ff%3d%26k%3da09e279ad7f7a12a%26p%3dmm_17105446_9338166_31406112%26pvid%3d0a672cbc000059c46cc75105008511de%26s%3d300x250%26d%3d0%26t%3d1506045127&pid=mm_17105446_9338166_31406112&tp=5&tsid=0a672cbc000059c46cc75105008511de&pid=mm_17105446_9338166_31406112:40)
  (anonymous function) (https://a1.alicdn.com/creation/html/2016/06/20/creation-245057E3sJ6U0UZ8D-2830683.html#tanxdspv=https%3a%2f%2frdstat.tanx.com%2ftrd%3ff%3d%26k%3da09e279ad7f7a12a%26p%3dmm_17105446_9338166_31406112%26pvid%3d0a672cbc000059c46cc75105008511de%26s%3d300x250%26d%3d0%26t%3d1506045127&pid=mm_17105446_9338166_31406112&tp=5&tsid=0a672cbc000059c46cc75105008511de&pid=mm_17105446_9338166_31406112:72)
  (anonymous function) (https://a1.alicdn.com/creation/html/2016/06/20/creation-245057E3sJ6U0UZ8D-2830683.html#tanxdspv=https%3a%2f%2frdstat.tanx.com%2ftrd%3ff%3d%26k%3da09e279ad7f7a12a%26p%3dmm_17105446_9338166_31406112%26pvid%3d0a672cbc000059c46cc75105008511de%26s%3d300x250%26d%3d0%26t%3d1506045127&pid=mm_17105446_9338166_31406112&tp=5&tsid=0a672cbc000059c46cc75105008511de&pid=mm_17105446_9338166_31406112:26)
  (anonymous function) (https://a1.alicdn.com/creation/html/2016/06/20/creation-245057E3sJ6U0UZ8D-2830683.html#tanxdspv=https%3a%2f%2frdstat.tanx.com%2ftrd%3ff%3d%26k%3da09e279ad7f7a12a%26p%3dmm_17105446_9338166_31406112%26pvid%3d0a672cbc000059c46cc75105008511de%26s%3d300x250%26d%3d0%26t%3d1506045127&pid=mm_17105446_9338166_31406112&tp=5&tsid=0a672cbc000059c46cc75105008511de&pid=mm_17105446_9338166_31406112:26)
  (anonymous function) (https://a1.alicdn.com/creation/html/2016/06/20/creation-245057E3sJ6U0UZ8D-2830683.html#tanxdspv=https%3a%2f%2frdstat.tanx.com%2ftrd%3ff%3d%26k%3da09e279ad7f7a12a%26p%3dmm_17105446_9338166_31406112%26pvid%3d0a672cbc000059c46cc75105008511de%26s%3d300x250%26d%3d0%26t%3d1506045127&pid=mm_17105446_9338166_31406112&tp=5&tsid=0a672cbc000059c46cc75105008511de&pid=mm_17105446_9338166_31406112:26)
  (anonymous function) (https://a1.alicdn.com/creation/html/2016/06/20/creation-245057E3sJ6U0UZ8D-2830683.html#tanxdspv=https%3a%2f%2frdstat.tanx.com%2ftrd%3ff%3d%26k%3da09e279ad7f7a12a%26p%3dmm_17105446_9338166_31406112%26pvid%3d0a672cbc000059c46cc75105008511de%26s%3d300x250%26d%3d0%26t%3d1506045127&pid=mm_17105446_9338166_31406112&tp=5&tsid=0a672cbc000059c46cc75105008511de&pid=mm_17105446_9338166_31406112:26)
  (anonymous function) (https://a1.alicdn.com/creation/html/2016/06/20/creation-245057E3sJ6U0UZ8D-2830683.html#tanxdspv=https%3a%2f%2frdstat.tanx.com%2ftrd%3ff%3d%26k%3da09e279ad7f7a12a%26p%3dmm_17105446_9338166_31406112%26pvid%3d0a672cbc000059c46cc75105008511de%26s%3d300x250%26d%3d0%26t%3d1506045127&pid=mm_17105446_9338166_31406112&tp=5&tsid=0a672cbc000059c46cc75105008511de&pid=mm_17105446_9338166_31406112:26)
  (anonymous function) (https://a1.alicdn.com/creation/html/2016/06/20/creation-245057E3sJ6U0UZ8D-2830683.html#tanxdspv=https%3a%2f%2frdstat.tanx.com%2ftrd%3ff%3d%26k%3da09e279ad7f7a12a%26p%3dmm_17105446_9338166_31406112%26pvid%3d0a672cbc000059c46cc75105008511de%26s%3d300x250%26d%3d0%26t%3d1506045127&pid=mm_17105446_9338166_31406112&tp=5&tsid=0a672cbc000059c46cc75105008511de&pid=mm_17105446_9338166_31406112:26)
  (anonymous function) (https://a1.alicdn.com/creation/html/2016/06/20/creation-245057E3sJ6U0UZ8D-2830683.html#tanxdspv=https%3a%2f%2frdstat.tanx.com%2ftrd%3ff%3d%26k%3da09e279ad7f7a12a%26p%3dmm_17105446_9338166_31406112%26pvid%3d0a672cbc000059c46cc75105008511de%26s%3d300x250%26d%3d0%26t%3d1506045127&pid=mm_17105446_9338166_31406112&tp=5&tsid=0a672cbc000059c46cc75105008511de&pid=mm_17105446_9338166_31406112:26)
  (anonymous function) (https://a1.alicdn.com/creation/html/2016/06/20/creation-245057E3sJ6U0UZ8D-2830683.html#tanxdspv=https%3a%2f%2frdstat.tanx.com%2ftrd%3ff%3d%26k%3da09e279ad7f7a12a%26p%3dmm_17105446_9338166_31406112%26pvid%3d0a672cbc000059c46cc75105008511de%26s%3d300x250%26d%3d0%26t%3d1506045127&pid=mm_17105446_9338166_31406112&tp=5&tsid=0a672cbc000059c46cc75105008511de&pid=mm_17105446_9338166_31406112:26)
[INFO  - 2017-09-22T01:53:38.201Z] ShutdownReqHand - _handle - About to shutdown
[INFO  - 2017-09-22T01:57:43.402Z] GhostDriver - Main - running on port 5415
[INFO  - 2017-09-22T01:57:44.075Z] Session [6c855880-9f39-11e7-b9e4-519ff789c0b4] - page.settings - {"XSSAuditingEnabled":false,"javascriptCanCloseWindows":true,"javascriptCanOpenWindows":true,"javascriptEnabled":true,"loadImages":true,"localToRemoteUrlAccessEnabled":false,"userAgent":"Mozilla/5.0 (Windows NT 6.1; WOW64) AppleWebKit/534.34 (KHTML, like Gecko) PhantomJS/1.9.7 Safari/534.34","webSecurityEnabled":false}
[INFO  - 2017-09-22T01:57:44.075Z] Session [6c855880-9f39-11e7-b9e4-519ff789c0b4] - page.customHeaders:  - {}
[INFO  - 2017-09-22T01:57:44.075Z] Session [6c855880-9f39-11e7-b9e4-519ff789c0b4] - Session.negotiatedCapabilities - {"browserName":"phantomjs","version":"1.9.7","driverName":"ghostdriver","driverVersion":"1.1.0","platform":"windows-7-32bit","javascriptEnabled":true,"takesScreenshot":false,"handlesAlerts":false,"databaseEnabled":false,"locationContextEnabled":false,"applicationCacheEnabled":false,"browserConnectionEnabled":false,"cssSelectorsEnabled":true,"webStorageEnabled":false,"rotatable":false,"acceptSslCerts":false,"nativeEvents":true,"proxy":{"proxyType":"direct"}}
[INFO  - 2017-09-22T01:57:44.076Z] SessionManagerReqHand - _postNewSessionCommand - New Session Created: 6c855880-9f39-11e7-b9e4-519ff789c0b4
[INFO  - 2017-09-22T01:58:01.834Z] GhostDriver - Main - running on port 44995
[INFO  - 2017-09-22T01:58:02.441Z] Session [7777c660-9f39-11e7-9252-df0dc891da23] - page.settings - {"XSSAuditingEnabled":false,"javascriptCanCloseWindows":true,"javascriptCanOpenWindows":true,"javascriptEnabled":true,"loadImages":true,"localToRemoteUrlAccessEnabled":false,"userAgent":"Mozilla/5.0 (Windows NT 6.1; WOW64) AppleWebKit/534.34 (KHTML, like Gecko) PhantomJS/1.9.7 Safari/534.34","webSecurityEnabled":false}
[INFO  - 2017-09-22T01:58:02.441Z] Session [7777c660-9f39-11e7-9252-df0dc891da23] - page.customHeaders:  - {}
[INFO  - 2017-09-22T01:58:02.441Z] Session [7777c660-9f39-11e7-9252-df0dc891da23] - Session.negotiatedCapabilities - {"browserName":"phantomjs","version":"1.9.7","driverName":"ghostdriver","driverVersion":"1.1.0","platform":"windows-7-32bit","javascriptEnabled":true,"takesScreenshot":false,"handlesAlerts":false,"databaseEnabled":false,"locationContextEnabled":false,"applicationCacheEnabled":false,"browserConnectionEnabled":false,"cssSelectorsEnabled":true,"webStorageEnabled":false,"rotatable":false,"acceptSslCerts":false,"nativeEvents":true,"proxy":{"proxyType":"direct"}}
[INFO  - 2017-09-22T01:58:02.441Z] SessionManagerReqHand - _postNewSessionCommand - New Session Created: 7777c660-9f39-11e7-9252-df0dc891da23
[INFO  - 2017-09-22T01:58:05.518Z] ShutdownReqHand - _handle - About to shutdown
[INFO  - 2017-09-22T02:09:51.605Z] GhostDriver - Main - running on port 36868
[INFO  - 2017-09-22T02:09:52.823Z] Session [1ee37740-9f3b-11e7-9d6a-93257493abf8] - page.settings - {"XSSAuditingEnabled":false,"javascriptCanCloseWindows":true,"javascriptCanOpenWindows":true,"javascriptEnabled":true,"loadImages":true,"localToRemoteUrlAccessEnabled":false,"userAgent":"Mozilla/5.0 (Windows NT 6.1; WOW64) AppleWebKit/534.34 (KHTML, like Gecko) PhantomJS/1.9.7 Safari/534.34","webSecurityEnabled":false}
[INFO  - 2017-09-22T02:09:52.823Z] Session [1ee37740-9f3b-11e7-9d6a-93257493abf8] - page.customHeaders:  - {}
[INFO  - 2017-09-22T02:09:52.823Z] Session [1ee37740-9f3b-11e7-9d6a-93257493abf8] - Session.negotiatedCapabilities - {"browserName":"phantomjs","version":"1.9.7","driverName":"ghostdriver","driverVersion":"1.1.0","platform":"windows-7-32bit","javascriptEnabled":true,"takesScreenshot":false,"handlesAlerts":false,"databaseEnabled":false,"locationContextEnabled":false,"applicationCacheEnabled":false,"browserConnectionEnabled":false,"cssSelectorsEnabled":true,"webStorageEnabled":false,"rotatable":false,"acceptSslCerts":false,"nativeEvents":true,"proxy":{"proxyType":"direct"}}
[INFO  - 2017-09-22T02:09:52.823Z] SessionManagerReqHand - _postNewSessionCommand - New Session Created: 1ee37740-9f3b-11e7-9d6a-93257493abf8
[INFO  - 2017-09-22T02:09:59.502Z] ShutdownReqHand - _handle - About to shutdown
[INFO  - 2017-09-22T08:55:15.289Z] GhostDriver - Main - running on port 45532
[INFO  - 2017-09-22T08:55:15.693Z] Session [c072bd90-9f73-11e7-9fef-a38e587b1fe1] - page.settings - {"XSSAuditingEnabled":false,"javascriptCanCloseWindows":true,"javascriptCanOpenWindows":true,"javascriptEnabled":true,"loadImages":true,"localToRemoteUrlAccessEnabled":false,"userAgent":"Mozilla/5.0 (Windows NT 6.1; WOW64) AppleWebKit/534.34 (KHTML, like Gecko) PhantomJS/1.9.7 Safari/534.34","webSecurityEnabled":false}
[INFO  - 2017-09-22T08:55:15.693Z] Session [c072bd90-9f73-11e7-9fef-a38e587b1fe1] - page.customHeaders:  - {}
[INFO  - 2017-09-22T08:55:15.693Z] Session [c072bd90-9f73-11e7-9fef-a38e587b1fe1] - Session.negotiatedCapabilities - {"browserName":"phantomjs","version":"1.9.7","driverName":"ghostdriver","driverVersion":"1.1.0","platform":"windows-7-32bit","javascriptEnabled":true,"takesScreenshot":false,"handlesAlerts":false,"databaseEnabled":false,"locationContextEnabled":false,"applicationCacheEnabled":false,"browserConnectionEnabled":false,"cssSelectorsEnabled":true,"webStorageEnabled":false,"rotatable":false,"acceptSslCerts":false,"nativeEvents":true,"proxy":{"proxyType":"direct"}}
[INFO  - 2017-09-22T08:55:15.693Z] SessionManagerReqHand - _postNewSessionCommand - New Session Created: c072bd90-9f73-11e7-9fef-a38e587b1fe1
[INFO  - 2017-09-22T09:12:46.128Z] GhostDriver - Main - running on port 12972
[INFO  - 2017-09-22T09:12:46.573Z] Session [32d24d90-9f76-11e7-93ab-2b9070ab7c85] - page.settings - {"XSSAuditingEnabled":false,"javascriptCanCloseWindows":true,"javascriptCanOpenWindows":true,"javascriptEnabled":true,"loadImages":true,"localToRemoteUrlAccessEnabled":false,"userAgent":"Mozilla/5.0 (Windows NT 6.1; WOW64) AppleWebKit/534.34 (KHTML, like Gecko) PhantomJS/1.9.7 Safari/534.34","webSecurityEnabled":false}
[INFO  - 2017-09-22T09:12:46.574Z] Session [32d24d90-9f76-11e7-93ab-2b9070ab7c85] - page.customHeaders:  - {}
[INFO  - 2017-09-22T09:12:46.574Z] Session [32d24d90-9f76-11e7-93ab-2b9070ab7c85] - Session.negotiatedCapabilities - {"browserName":"phantomjs","version":"1.9.7","driverName":"ghostdriver","driverVersion":"1.1.0","platform":"windows-7-32bit","javascriptEnabled":true,"takesScreenshot":false,"handlesAlerts":false,"databaseEnabled":false,"locationContextEnabled":false,"applicationCacheEnabled":false,"browserConnectionEnabled":false,"cssSelectorsEnabled":true,"webStorageEnabled":false,"rotatable":false,"acceptSslCerts":false,"nativeEvents":true,"proxy":{"proxyType":"direct"}}
[INFO  - 2017-09-22T09:12:46.574Z] SessionManagerReqHand - _postNewSessionCommand - New Session Created: 32d24d90-9f76-11e7-93ab-2b9070ab7c85
[INFO  - 2017-09-22T09:12:52.902Z] ShutdownReqHand - _handle - About to shutdown
[INFO  - 2017-09-22T09:14:57.994Z] GhostDriver - Main - running on port 6232
[INFO  - 2017-09-22T09:14:58.596Z] Session [81839110-9f76-11e7-b193-19fa6b746174] - page.settings - {"XSSAuditingEnabled":false,"javascriptCanCloseWindows":true,"javascriptCanOpenWindows":true,"javascriptEnabled":true,"loadImages":true,"localToRemoteUrlAccessEnabled":false,"userAgent":"Mozilla/5.0 (Windows NT 6.1; WOW64) AppleWebKit/534.34 (KHTML, like Gecko) PhantomJS/1.9.7 Safari/534.34","webSecurityEnabled":false}
[INFO  - 2017-09-22T09:14:58.597Z] Session [81839110-9f76-11e7-b193-19fa6b746174] - page.customHeaders:  - {}
[INFO  - 2017-09-22T09:14:58.597Z] Session [81839110-9f76-11e7-b193-19fa6b746174] - Session.negotiatedCapabilities - {"browserName":"phantomjs","version":"1.9.7","driverName":"ghostdriver","driverVersion":"1.1.0","platform":"windows-7-32bit","javascriptEnabled":true,"takesScreenshot":false,"handlesAlerts":false,"databaseEnabled":false,"locationContextEnabled":false,"applicationCacheEnabled":false,"browserConnectionEnabled":false,"cssSelectorsEnabled":true,"webStorageEnabled":false,"rotatable":false,"acceptSslCerts":false,"nativeEvents":true,"proxy":{"proxyType":"direct"}}
[INFO  - 2017-09-22T09:14:58.597Z] SessionManagerReqHand - _postNewSessionCommand - New Session Created: 81839110-9f76-11e7-b193-19fa6b746174
[INFO  - 2017-09-22T09:15:05.464Z] ShutdownReqHand - _handle - About to shutdown
[INFO  - 2017-09-22T09:16:33.484Z] GhostDriver - Main - running on port 3750
[INFO  - 2017-09-22T09:16:34.116Z] Session [ba729c00-9f76-11e7-ade5-79c224be10f8] - page.settings - {"XSSAuditingEnabled":false,"javascriptCanCloseWindows":true,"javascriptCanOpenWindows":true,"javascriptEnabled":true,"loadImages":true,"localToRemoteUrlAccessEnabled":false,"userAgent":"Mozilla/5.0 (Windows NT 6.1; WOW64) AppleWebKit/534.34 (KHTML, like Gecko) PhantomJS/1.9.7 Safari/534.34","webSecurityEnabled":false}
[INFO  - 2017-09-22T09:16:34.116Z] Session [ba729c00-9f76-11e7-ade5-79c224be10f8] - page.customHeaders:  - {}
[INFO  - 2017-09-22T09:16:34.116Z] Session [ba729c00-9f76-11e7-ade5-79c224be10f8] - Session.negotiatedCapabilities - {"browserName":"phantomjs","version":"1.9.7","driverName":"ghostdriver","driverVersion":"1.1.0","platform":"windows-7-32bit","javascriptEnabled":true,"takesScreenshot":false,"handlesAlerts":false,"databaseEnabled":false,"locationContextEnabled":false,"applicationCacheEnabled":false,"browserConnectionEnabled":false,"cssSelectorsEnabled":true,"webStorageEnabled":false,"rotatable":false,"acceptSslCerts":false,"nativeEvents":true,"proxy":{"proxyType":"direct"}}
[INFO  - 2017-09-22T09:16:34.116Z] SessionManagerReqHand - _postNewSessionCommand - New Session Created: ba729c00-9f76-11e7-ade5-79c224be10f8
[INFO  - 2017-09-22T09:16:37.964Z] ShutdownReqHand - _handle - About to shutdown
[INFO  - 2017-09-22T09:34:59.908Z] GhostDriver - Main - running on port 42583
[INFO  - 2017-09-22T09:35:00.525Z] Session [4deb60a0-9f79-11e7-bb68-ef277a01fece] - page.settings - {"XSSAuditingEnabled":false,"javascriptCanCloseWindows":true,"javascriptCanOpenWindows":true,"javascriptEnabled":true,"loadImages":true,"localToRemoteUrlAccessEnabled":false,"userAgent":"Mozilla/5.0 (Windows NT 6.1; WOW64) AppleWebKit/534.34 (KHTML, like Gecko) PhantomJS/1.9.7 Safari/534.34","webSecurityEnabled":false}
[INFO  - 2017-09-22T09:35:00.525Z] Session [4deb60a0-9f79-11e7-bb68-ef277a01fece] - page.customHeaders:  - {}
[INFO  - 2017-09-22T09:35:00.525Z] Session [4deb60a0-9f79-11e7-bb68-ef277a01fece] - Session.negotiatedCapabilities - {"browserName":"phantomjs","version":"1.9.7","driverName":"ghostdriver","driverVersion":"1.1.0","platform":"windows-7-32bit","javascriptEnabled":true,"takesScreenshot":false,"handlesAlerts":false,"databaseEnabled":false,"locationContextEnabled":false,"applicationCacheEnabled":false,"browserConnectionEnabled":false,"cssSelectorsEnabled":true,"webStorageEnabled":false,"rotatable":false,"acceptSslCerts":false,"nativeEvents":true,"proxy":{"proxyType":"direct"}}
[INFO  - 2017-09-22T09:35:00.525Z] SessionManagerReqHand - _postNewSessionCommand - New Session Created: 4deb60a0-9f79-11e7-bb68-ef277a01fece
[INFO  - 2017-09-22T09:35:04.798Z] ShutdownReqHand - _handle - About to shutdown
[INFO  - 2017-09-22T09:39:32.928Z] GhostDriver - Main - running on port 44828
[INFO  - 2017-09-22T09:39:33.553Z] Session [f0a824e0-9f79-11e7-9ff4-cfc4266d7e28] - page.settings - {"XSSAuditingEnabled":false,"javascriptCanCloseWindows":true,"javascriptCanOpenWindows":true,"javascriptEnabled":true,"loadImages":true,"localToRemoteUrlAccessEnabled":false,"userAgent":"Mozilla/5.0 (Windows NT 6.1; WOW64) AppleWebKit/534.34 (KHTML, like Gecko) PhantomJS/1.9.7 Safari/534.34","webSecurityEnabled":false}
[INFO  - 2017-09-22T09:39:33.553Z] Session [f0a824e0-9f79-11e7-9ff4-cfc4266d7e28] - page.customHeaders:  - {}
[INFO  - 2017-09-22T09:39:33.553Z] Session [f0a824e0-9f79-11e7-9ff4-cfc4266d7e28] - Session.negotiatedCapabilities - {"browserName":"phantomjs","version":"1.9.7","driverName":"ghostdriver","driverVersion":"1.1.0","platform":"windows-7-32bit","javascriptEnabled":true,"takesScreenshot":false,"handlesAlerts":false,"databaseEnabled":false,"locationContextEnabled":false,"applicationCacheEnabled":false,"browserConnectionEnabled":false,"cssSelectorsEnabled":true,"webStorageEnabled":false,"rotatable":false,"acceptSslCerts":false,"nativeEvents":true,"proxy":{"proxyType":"direct"}}
[INFO  - 2017-09-22T09:39:33.553Z] SessionManagerReqHand - _postNewSessionCommand - New Session Created: f0a824e0-9f79-11e7-9ff4-cfc4266d7e28
[INFO  - 2017-09-22T09:39:36.622Z] ShutdownReqHand - _handle - About to shutdown
[INFO  - 2017-09-22T09:43:11.749Z] GhostDriver - Main - running on port 44133
[INFO  - 2017-09-22T09:43:11.861Z] Session [72c6ff00-9f7a-11e7-9371-478fd0637d84] - page.settings - {"XSSAuditingEnabled":false,"javascriptCanCloseWindows":true,"javascriptCanOpenWindows":true,"javascriptEnabled":true,"loadImages":true,"localToRemoteUrlAccessEnabled":false,"userAgent":"Mozilla/5.0 (Windows NT 6.1; WOW64) AppleWebKit/534.34 (KHTML, like Gecko) PhantomJS/1.9.7 Safari/534.34","webSecurityEnabled":false}
[INFO  - 2017-09-22T09:43:11.861Z] Session [72c6ff00-9f7a-11e7-9371-478fd0637d84] - page.customHeaders:  - {}
[INFO  - 2017-09-22T09:43:11.861Z] Session [72c6ff00-9f7a-11e7-9371-478fd0637d84] - Session.negotiatedCapabilities - {"browserName":"phantomjs","version":"1.9.7","driverName":"ghostdriver","driverVersion":"1.1.0","platform":"windows-7-32bit","javascriptEnabled":true,"takesScreenshot":false,"handlesAlerts":false,"databaseEnabled":false,"locationContextEnabled":false,"applicationCacheEnabled":false,"browserConnectionEnabled":false,"cssSelectorsEnabled":true,"webStorageEnabled":false,"rotatable":false,"acceptSslCerts":false,"nativeEvents":true,"proxy":{"proxyType":"direct"}}
[INFO  - 2017-09-22T09:43:11.861Z] SessionManagerReqHand - _postNewSessionCommand - New Session Created: 72c6ff00-9f7a-11e7-9371-478fd0637d84
[INFO  - 2017-09-22T09:43:18.868Z] GhostDriver - Main - running on port 21389
[INFO  - 2017-09-22T09:43:19.510Z] Session [7755d5f0-9f7a-11e7-abf5-8583a7f2eb2c] - page.settings - {"XSSAuditingEnabled":false,"javascriptCanCloseWindows":true,"javascriptCanOpenWindows":true,"javascriptEnabled":true,"loadImages":true,"localToRemoteUrlAccessEnabled":false,"userAgent":"Mozilla/5.0 (Windows NT 6.1; WOW64) AppleWebKit/534.34 (KHTML, like Gecko) PhantomJS/1.9.7 Safari/534.34","webSecurityEnabled":false}
[INFO  - 2017-09-22T09:43:19.510Z] Session [7755d5f0-9f7a-11e7-abf5-8583a7f2eb2c] - page.customHeaders:  - {}
[INFO  - 2017-09-22T09:43:19.510Z] Session [7755d5f0-9f7a-11e7-abf5-8583a7f2eb2c] - Session.negotiatedCapabilities - {"browserName":"phantomjs","version":"1.9.7","driverName":"ghostdriver","driverVersion":"1.1.0","platform":"windows-7-32bit","javascriptEnabled":true,"takesScreenshot":false,"handlesAlerts":false,"databaseEnabled":false,"locationContextEnabled":false,"applicationCacheEnabled":false,"browserConnectionEnabled":false,"cssSelectorsEnabled":true,"webStorageEnabled":false,"rotatable":false,"acceptSslCerts":false,"nativeEvents":true,"proxy":{"proxyType":"direct"}}
[INFO  - 2017-09-22T09:43:19.510Z] SessionManagerReqHand - _postNewSessionCommand - New Session Created: 7755d5f0-9f7a-11e7-abf5-8583a7f2eb2c
[INFO  - 2017-09-22T09:43:24.727Z] GhostDriver - Main - running on port 41941
[INFO  - 2017-09-22T09:43:25.364Z] Session [7ad2a0a0-9f7a-11e7-b871-2dc0735eac4d] - page.settings - {"XSSAuditingEnabled":false,"javascriptCanCloseWindows":true,"javascriptCanOpenWindows":true,"javascriptEnabled":true,"loadImages":true,"localToRemoteUrlAccessEnabled":false,"userAgent":"Mozilla/5.0 (Windows NT 6.1; WOW64) AppleWebKit/534.34 (KHTML, like Gecko) PhantomJS/1.9.7 Safari/534.34","webSecurityEnabled":false}
[INFO  - 2017-09-22T09:43:25.364Z] Session [7ad2a0a0-9f7a-11e7-b871-2dc0735eac4d] - page.customHeaders:  - {}
[INFO  - 2017-09-22T09:43:25.364Z] Session [7ad2a0a0-9f7a-11e7-b871-2dc0735eac4d] - Session.negotiatedCapabilities - {"browserName":"phantomjs","version":"1.9.7","driverName":"ghostdriver","driverVersion":"1.1.0","platform":"windows-7-32bit","javascriptEnabled":true,"takesScreenshot":false,"handlesAlerts":false,"databaseEnabled":false,"locationContextEnabled":false,"applicationCacheEnabled":false,"browserConnectionEnabled":false,"cssSelectorsEnabled":true,"webStorageEnabled":false,"rotatable":false,"acceptSslCerts":false,"nativeEvents":true,"proxy":{"proxyType":"direct"}}
[INFO  - 2017-09-22T09:43:25.364Z] SessionManagerReqHand - _postNewSessionCommand - New Session Created: 7ad2a0a0-9f7a-11e7-b871-2dc0735eac4d
[INFO  - 2017-09-22T09:43:36.017Z] GhostDriver - Main - running on port 36176
[INFO  - 2017-09-22T09:43:36.645Z] Session [818cbc00-9f7a-11e7-bfe8-f3bce8b9b2a1] - page.settings - {"XSSAuditingEnabled":false,"javascriptCanCloseWindows":true,"javascriptCanOpenWindows":true,"javascriptEnabled":true,"loadImages":true,"localToRemoteUrlAccessEnabled":false,"userAgent":"Mozilla/5.0 (Windows NT 6.1; WOW64) AppleWebKit/534.34 (KHTML, like Gecko) PhantomJS/1.9.7 Safari/534.34","webSecurityEnabled":false}
[INFO  - 2017-09-22T09:43:36.645Z] Session [818cbc00-9f7a-11e7-bfe8-f3bce8b9b2a1] - page.customHeaders:  - {}
[INFO  - 2017-09-22T09:43:36.645Z] Session [818cbc00-9f7a-11e7-bfe8-f3bce8b9b2a1] - Session.negotiatedCapabilities - {"browserName":"phantomjs","version":"1.9.7","driverName":"ghostdriver","driverVersion":"1.1.0","platform":"windows-7-32bit","javascriptEnabled":true,"takesScreenshot":false,"handlesAlerts":false,"databaseEnabled":false,"locationContextEnabled":false,"applicationCacheEnabled":false,"browserConnectionEnabled":false,"cssSelectorsEnabled":true,"webStorageEnabled":false,"rotatable":false,"acceptSslCerts":false,"nativeEvents":true,"proxy":{"proxyType":"direct"}}
[INFO  - 2017-09-22T09:43:36.645Z] SessionManagerReqHand - _postNewSessionCommand - New Session Created: 818cbc00-9f7a-11e7-bfe8-f3bce8b9b2a1
[INFO  - 2017-09-22T09:43:40.015Z] GhostDriver - Main - running on port 8222
[INFO  - 2017-09-22T09:43:40.144Z] Session [83a20770-9f7a-11e7-8c40-e1d391ef8250] - page.settings - {"XSSAuditingEnabled":false,"javascriptCanCloseWindows":true,"javascriptCanOpenWindows":true,"javascriptEnabled":true,"loadImages":true,"localToRemoteUrlAccessEnabled":false,"userAgent":"Mozilla/5.0 (Windows NT 6.1; WOW64) AppleWebKit/534.34 (KHTML, like Gecko) PhantomJS/1.9.7 Safari/534.34","webSecurityEnabled":false}
[INFO  - 2017-09-22T09:43:40.144Z] Session [83a20770-9f7a-11e7-8c40-e1d391ef8250] - page.customHeaders:  - {}
[INFO  - 2017-09-22T09:43:40.144Z] Session [83a20770-9f7a-11e7-8c40-e1d391ef8250] - Session.negotiatedCapabilities - {"browserName":"phantomjs","version":"1.9.7","driverName":"ghostdriver","driverVersion":"1.1.0","platform":"windows-7-32bit","javascriptEnabled":true,"takesScreenshot":false,"handlesAlerts":false,"databaseEnabled":false,"locationContextEnabled":false,"applicationCacheEnabled":false,"browserConnectionEnabled":false,"cssSelectorsEnabled":true,"webStorageEnabled":false,"rotatable":false,"acceptSslCerts":false,"nativeEvents":true,"proxy":{"proxyType":"direct"}}
[INFO  - 2017-09-22T09:43:40.144Z] SessionManagerReqHand - _postNewSessionCommand - New Session Created: 83a20770-9f7a-11e7-8c40-e1d391ef8250
[INFO  - 2017-09-22T09:43:45.323Z] GhostDriver - Main - running on port 4948
[INFO  - 2017-09-22T09:43:45.461Z] Session [86ce4120-9f7a-11e7-b44e-f9f3f9db71f2] - page.settings - {"XSSAuditingEnabled":false,"javascriptCanCloseWindows":true,"javascriptCanOpenWindows":true,"javascriptEnabled":true,"loadImages":true,"localToRemoteUrlAccessEnabled":false,"userAgent":"Mozilla/5.0 (Windows NT 6.1; WOW64) AppleWebKit/534.34 (KHTML, like Gecko) PhantomJS/1.9.7 Safari/534.34","webSecurityEnabled":false}
[INFO  - 2017-09-22T09:43:45.461Z] Session [86ce4120-9f7a-11e7-b44e-f9f3f9db71f2] - page.customHeaders:  - {}
[INFO  - 2017-09-22T09:43:45.461Z] Session [86ce4120-9f7a-11e7-b44e-f9f3f9db71f2] - Session.negotiatedCapabilities - {"browserName":"phantomjs","version":"1.9.7","driverName":"ghostdriver","driverVersion":"1.1.0","platform":"windows-7-32bit","javascriptEnabled":true,"takesScreenshot":false,"handlesAlerts":false,"databaseEnabled":false,"locationContextEnabled":false,"applicationCacheEnabled":false,"browserConnectionEnabled":false,"cssSelectorsEnabled":true,"webStorageEnabled":false,"rotatable":false,"acceptSslCerts":false,"nativeEvents":true,"proxy":{"proxyType":"direct"}}
[INFO  - 2017-09-22T09:43:45.461Z] SessionManagerReqHand - _postNewSessionCommand - New Session Created: 86ce4120-9f7a-11e7-b44e-f9f3f9db71f2
[INFO  - 2017-09-22T09:43:49.868Z] GhostDriver - Main - running on port 23928
[INFO  - 2017-09-22T09:43:50.505Z] Session [89cf4c20-9f7a-11e7-98ea-71780dc82fb1] - page.settings - {"XSSAuditingEnabled":false,"javascriptCanCloseWindows":true,"javascriptCanOpenWindows":true,"javascriptEnabled":true,"loadImages":true,"localToRemoteUrlAccessEnabled":false,"userAgent":"Mozilla/5.0 (Windows NT 6.1; WOW64) AppleWebKit/534.34 (KHTML, like Gecko) PhantomJS/1.9.7 Safari/534.34","webSecurityEnabled":false}
[INFO  - 2017-09-22T09:43:50.505Z] Session [89cf4c20-9f7a-11e7-98ea-71780dc82fb1] - page.customHeaders:  - {}
[INFO  - 2017-09-22T09:43:50.505Z] Session [89cf4c20-9f7a-11e7-98ea-71780dc82fb1] - Session.negotiatedCapabilities - {"browserName":"phantomjs","version":"1.9.7","driverName":"ghostdriver","driverVersion":"1.1.0","platform":"windows-7-32bit","javascriptEnabled":true,"takesScreenshot":false,"handlesAlerts":false,"databaseEnabled":false,"locationContextEnabled":false,"applicationCacheEnabled":false,"browserConnectionEnabled":false,"cssSelectorsEnabled":true,"webStorageEnabled":false,"rotatable":false,"acceptSslCerts":false,"nativeEvents":true,"proxy":{"proxyType":"direct"}}
[INFO  - 2017-09-22T09:43:50.505Z] SessionManagerReqHand - _postNewSessionCommand - New Session Created: 89cf4c20-9f7a-11e7-98ea-71780dc82fb1
[INFO  - 2017-09-22T09:43:52.924Z] GhostDriver - Main - running on port 40975
[INFO  - 2017-09-22T09:43:53.595Z] Session [8ba74070-9f7a-11e7-beb2-bd3bef0e0e03] - page.settings - {"XSSAuditingEnabled":false,"javascriptCanCloseWindows":true,"javascriptCanOpenWindows":true,"javascriptEnabled":true,"loadImages":true,"localToRemoteUrlAccessEnabled":false,"userAgent":"Mozilla/5.0 (Windows NT 6.1; WOW64) AppleWebKit/534.34 (KHTML, like Gecko) PhantomJS/1.9.7 Safari/534.34","webSecurityEnabled":false}
[INFO  - 2017-09-22T09:43:53.595Z] Session [8ba74070-9f7a-11e7-beb2-bd3bef0e0e03] - page.customHeaders:  - {}
[INFO  - 2017-09-22T09:43:53.595Z] Session [8ba74070-9f7a-11e7-beb2-bd3bef0e0e03] - Session.negotiatedCapabilities - {"browserName":"phantomjs","version":"1.9.7","driverName":"ghostdriver","driverVersion":"1.1.0","platform":"windows-7-32bit","javascriptEnabled":true,"takesScreenshot":false,"handlesAlerts":false,"databaseEnabled":false,"locationContextEnabled":false,"applicationCacheEnabled":false,"browserConnectionEnabled":false,"cssSelectorsEnabled":true,"webStorageEnabled":false,"rotatable":false,"acceptSslCerts":false,"nativeEvents":true,"proxy":{"proxyType":"direct"}}
[INFO  - 2017-09-22T09:43:53.595Z] SessionManagerReqHand - _postNewSessionCommand - New Session Created: 8ba74070-9f7a-11e7-beb2-bd3bef0e0e03
[INFO  - 2017-09-22T09:43:57.650Z] GhostDriver - Main - running on port 36344
