0 info it worked if it ends with ok
1 verbose cli [ 'D:\\nodejs\\node.exe',
1 verbose cli   'D:\\nodejs\\node_modules\\npm\\bin\\npm-cli.js',
1 verbose cli   'run',
1 verbose cli   'babelnode',
1 verbose cli   '--scripts-prepend-node-path=auto' ]
2 info using npm@3.10.10
3 info using node@v6.10.0
4 verbose run-script [ 'prebabelnode', 'babelnode', 'postbabelnode' ]
5 info lifecycle babel@1.0.0~prebabelnode: babel@1.0.0
6 silly lifecycle babel@1.0.0~prebabelnode: no script for prebabelnode, continuing
7 info lifecycle babel@1.0.0~babelnode: babel@1.0.0
8 verbose lifecycle babel@1.0.0~babelnode: unsafe-perm in lifecycle true
9 verbose lifecycle babel@1.0.0~babelnode: PATH: D:\nodejs\node_modules\npm\bin\node-gyp-bin;D:\algorithem\Js\babel\node_modules\.bin;D:\python361\Scripts\;D:\python361\;C:\ProgramData\Oracle\Java\javapath;C:\Program Files (x86)\NVIDIA Corporation\PhysX\Common;C:\Windows\system32;C:\Windows;C:\Windows\System32\Wbem;C:\Windows\System32\WindowsPowerShell\v1.0\;E:\tortoiseGit\bin;C:\Program Files\Java\jdk1.8.0\bin;E:\Git\bin;E:\Git\usr\bin;D:\apache-maven-3.2.5\bin;D:\spring-1.5.1.RELEASE\bin;D:\nodejs\;D:\scala-2.12.2\bin;E:\androidStudio\sdk\platform-tools;E:\Microsoft Visual Studio\Common\Tools\WinNT;E:\Microsoft Visual Studio\Common\MSDev98\Bin;E:\Microsoft Visual Studio\Common\Tools;E:\Microsoft Visual Studio\VC98\bin;C:\Users\DELL-13\AppData\Roaming\npm;E:\Fiddler
10 verbose lifecycle babel@1.0.0~babelnode: CWD: D:\algorithem\Js\babel
11 silly lifecycle babel@1.0.0~babelnode: Args: [ '/d /s /c', 'babel-node src/myTool.js' ]
12 silly lifecycle babel@1.0.0~babelnode: Returned: code: 1  signal: null
13 info lifecycle babel@1.0.0~babelnode: Failed to exec babelnode script
14 verbose stack Error: babel@1.0.0 babelnode: `babel-node src/myTool.js`
14 verbose stack Exit status 1
14 verbose stack     at EventEmitter.<anonymous> (D:\nodejs\node_modules\npm\lib\utils\lifecycle.js:255:16)
14 verbose stack     at emitTwo (events.js:106:13)
14 verbose stack     at EventEmitter.emit (events.js:191:7)
14 verbose stack     at ChildProcess.<anonymous> (D:\nodejs\node_modules\npm\lib\utils\spawn.js:40:14)
14 verbose stack     at emitTwo (events.js:106:13)
14 verbose stack     at ChildProcess.emit (events.js:191:7)
14 verbose stack     at maybeClose (internal/child_process.js:877:16)
14 verbose stack     at Process.ChildProcess._handle.onexit (internal/child_process.js:226:5)
15 verbose pkgid babel@1.0.0
16 verbose cwd D:\algorithem\Js\babel
17 error Windows_NT 6.1.7601
18 error argv "D:\\nodejs\\node.exe" "D:\\nodejs\\node_modules\\npm\\bin\\npm-cli.js" "run" "babelnode" "--scripts-prepend-node-path=auto"
19 error node v6.10.0
20 error npm  v3.10.10
21 error code ELIFECYCLE
22 error babel@1.0.0 babelnode: `babel-node src/myTool.js`
22 error Exit status 1
23 error Failed at the babel@1.0.0 babelnode script 'babel-node src/myTool.js'.
23 error Make sure you have the latest version of node.js and npm installed.
23 error If you do, this is most likely a problem with the babel package,
23 error not with npm itself.
23 error Tell the author that this fails on your system:
23 error     babel-node src/myTool.js
23 error You can get information on how to open an issue for this project with:
23 error     npm bugs babel
23 error Or if that isn't available, you can get their info via:
23 error     npm owner ls babel
23 error There is likely additional logging output above.
24 verbose exit [ 1, true ]
