0 info it worked if it ends with ok
1 verbose cli [ 'D:\\nodejs\\node.exe',
1 verbose cli   'D:\\nodejs\\node_modules\\npm\\bin\\npm-cli.js',
1 verbose cli   'run',
1 verbose cli   'start-server' ]
2 info using npm@3.10.10
3 info using node@v6.10.0
4 verbose run-script [ 'prestart-server', 'start-server', 'poststart-server' ]
5 info lifecycle webpackproject@1.0.0~prestart-server: webpackproject@1.0.0
6 silly lifecycle webpackproject@1.0.0~prestart-server: no script for prestart-server, continuing
7 info lifecycle webpackproject@1.0.0~start-server: webpackproject@1.0.0
8 verbose lifecycle webpackproject@1.0.0~start-server: unsafe-perm in lifecycle true
9 verbose lifecycle webpackproject@1.0.0~start-server: PATH: D:\nodejs\node_modules\npm\bin\node-gyp-bin;D:\algorithem\Js\webpackproject\node_modules\.bin;C:\ProgramData\Oracle\Java\javapath;C:\Program Files (x86)\NVIDIA Corporation\PhysX\Common;C:\Windows\system32;C:\Windows;C:\Windows\System32\Wbem;C:\Windows\System32\WindowsPowerShell\v1.0\;E:\tortoiseGit\bin;C:\Program Files\Java\jdk1.8.0\bin;E:\Git\bin;E:\Git\usr\bin;D:\apache-maven-3.2.5\bin;D:\spring-1.5.1.RELEASE\bin;D:\nodejs\;D:\scala-2.12.2\bin;E:\Microsoft Visual Studio\Common\Tools\WinNT;E:\Microsoft Visual Studio\Common\MSDev98\Bin;E:\Microsoft Visual Studio\Common\Tools;E:\Microsoft Visual Studio\VC98\bin;C:\Users\DELL-13\AppData\Roaming\npm
10 verbose lifecycle webpackproject@1.0.0~start-server: CWD: D:\algorithem\Js\webpackproject
11 silly lifecycle webpackproject@1.0.0~start-server: Args: [ '/d /s /c', 'webpack-dev-server --progress' ]
12 silly lifecycle webpackproject@1.0.0~start-server: Returned: code: 3221225786  signal: null
13 info lifecycle webpackproject@1.0.0~start-server: Failed to exec start-server script
14 verbose stack Error: webpackproject@1.0.0 start-server: `webpack-dev-server --progress`
14 verbose stack Exit status 3221225786
14 verbose stack     at EventEmitter.<anonymous> (D:\nodejs\node_modules\npm\lib\utils\lifecycle.js:255:16)
14 verbose stack     at emitTwo (events.js:106:13)
14 verbose stack     at EventEmitter.emit (events.js:191:7)
14 verbose stack     at ChildProcess.<anonymous> (D:\nodejs\node_modules\npm\lib\utils\spawn.js:40:14)
14 verbose stack     at emitTwo (events.js:106:13)
14 verbose stack     at ChildProcess.emit (events.js:191:7)
14 verbose stack     at maybeClose (internal/child_process.js:877:16)
14 verbose stack     at Process.ChildProcess._handle.onexit (internal/child_process.js:226:5)
15 verbose pkgid webpackproject@1.0.0
16 verbose cwd D:\algorithem\Js\webpackproject
17 error Windows_NT 6.1.7601
18 error argv "D:\\nodejs\\node.exe" "D:\\nodejs\\node_modules\\npm\\bin\\npm-cli.js" "run" "start-server"
19 error node v6.10.0
20 error npm  v3.10.10
21 error code ELIFECYCLE
22 error webpackproject@1.0.0 start-server: `webpack-dev-server --progress`
22 error Exit status 3221225786
23 error Failed at the webpackproject@1.0.0 start-server script 'webpack-dev-server --progress'.
23 error Make sure you have the latest version of node.js and npm installed.
23 error If you do, this is most likely a problem with the webpackproject package,
23 error not with npm itself.
23 error Tell the author that this fails on your system:
23 error     webpack-dev-server --progress
23 error You can get information on how to open an issue for this project with:
23 error     npm bugs webpackproject
23 error Or if that isn't available, you can get their info via:
23 error     npm owner ls webpackproject
23 error There is likely additional logging output above.
24 verbose exit [ 1, true ]
